OXO Game Server Started: 2024-05-13 23:44:03.086282
*** OXO GAME SERVER STARTED ***
Waiting for client connections.
Connected Client 0: ('127.0.0.1', 50994)
Connected Client 1: ('127.0.0.1', 50999)
Sent Message Client 0: new game,X
Sent Message Client 1: new game,O
Sent Message Client 0: your move
Sent Message Client 1: opponents move
Received Message Client 0: 0
Sent Message Client 0: valid move,X,0
Sent Message Client 1: valid move,X,0
Sent Message Client 1: your move
Sent Message Client 0: opponents move
Received Message Client 1: 6
Sent Message Client 1: valid move,O,6
Sent Message Client 0: valid move,O,6
Sent Message Client 0: your move
Sent Message Client 1: opponents move
Received Message Client 0: 4
Sent Message Client 0: valid move,X,4
Sent Message Client 1: valid move,X,4
Sent Message Client 1: your move
Sent Message Client 0: opponents move
Received Message Client 1: 8
Sent Message Client 1: valid move,O,8
Sent Message Client 0: valid move,O,8
Sent Message Client 0: your move
Sent Message Client 1: opponents move
Received Message Client 0: 7
Sent Message Client 0: valid move,X,7
Sent Message Client 1: valid move,X,7
Sent Message Client 1: your move
Sent Message Client 0: opponents move
Received Message Client 1: 1
Sent Message Client 1: valid move,O,1
Sent Message Client 0: valid move,O,1
Sent Message Client 0: your move
Sent Message Client 1: opponents move
Received Message Client 0: 3
Sent Message Client 0: valid move,X,3
Sent Message Client 1: valid move,X,3
Sent Message Client 1: your move
Sent Message Client 0: opponents move
Received Message Client 1: 5
Sent Message Client 1: valid move,O,5
Sent Message Client 0: valid move,O,5
Sent Message Client 0: your move
Sent Message Client 1: opponents move
Received Message Client 0: 2
Sent Message Client 0: valid move,X,2
Sent Message Client 1: valid move,X,2
Sent Message Client 1: game over,T
Sent Message Client 0: game over,T
Sent Message Client 1: play again
Sent Message Client 0: play again
Received Message Client 1: n
Received Message Client 0: n
Sent Message Client 1: exit game
Sent Message Client 0: exit game
Closed Client 0: ('127.0.0.1', 50994)
Closed Client 1: ('127.0.0.1', 50999)
*** OXO GAME SERVER STARTED ***
Waiting for client connections.
